Microsoft HTML Help Compiler 4.74.8702

Compiling c:\PROGRA~1\vahelp\_tmphhp\screenshotmanager.chm

informationen.htm
programmfenster.htm
screenshottaste.htm
speicherformat.htm
speicherort.htm
automatischespeicherung.htm
texthinzufugen.htm
weitereoptionen.htm
speichername.htm
sprachehinzufugen.htm
einstellungen.htm
screenshotmanager.hhc
screenshotmanager.hhk
informationenb1.PNG
programmfensterb1.PNG
programmfensterb2.PNG

Compile time: 0 minutes, 0 seconds
13	Topics
53	Local links
3	Internet links
3	Graphics


Created c:\PROGRA~1\vahelp\_tmphhp\screenshotmanager.chm, 66,152 bytes
Compression decreased file by 22,858 bytes.
